
/home/runner/work/exp-digital-signatures-iiith/exp-digital-signatures-iiith/experiment/simulation/js/base64.js
   4:10  warning  'hex2b64' is defined but never used  no-unused-vars
  32:5   warning  'v' is not defined                   no-undef
  33:8   warning  'v' is not defined                   no-undef
  35:14  warning  'int2char' is not defined            no-undef
  35:23  warning  'v' is not defined                   no-undef
  36:14  warning  'v' is not defined                   no-undef
  40:14  warning  'int2char' is not defined            no-undef
  40:38  warning  'v' is not defined                   no-undef
  41:14  warning  'v' is not defined                   no-undef
  45:14  warning  'int2char' is not defined            no-undef
  46:14  warning  'int2char' is not defined            no-undef
  46:23  warning  'v' is not defined                   no-undef
  47:14  warning  'v' is not defined                   no-undef
  51:14  warning  'int2char' is not defined            no-undef
  51:38  warning  'v' is not defined                   no-undef
  52:14  warning  'int2char' is not defined            no-undef
  52:23  warning  'v' is not defined                   no-undef
  57:12  warning  'int2char' is not defined            no-undef
  62:10  warning  'b64toBA' is defined but never used  no-unused-vars

/home/runner/work/exp-digital-signatures-iiith/exp-digital-signatures-iiith/experiment/simulation/js/jsbn.js
  121:31  warning  'DV' is not defined  no-undef

/home/runner/work/exp-digital-signatures-iiith/exp-digital-signatures-iiith/experiment/simulation/js/jsbn2.js
   10:30  warning  'nbi' is not defined         no-undef
   46:11  warning  'nbv' is not defined         no-undef
   46:23  warning  'nbi' is not defined         no-undef
   46:34  warning  'nbi' is not defined         no-undef
   62:13  warning  'intAt' is not defined       no-undef
   79:10  warning  'BigInteger' is not defined  no-undef
   90:24  warning  'BigInteger' is not defined  no-undef
   94:45  warning  'BigInteger' is not defined  no-undef
  157:29  warning  'nbi' is not defined         no-undef
  161:28  warning  'nbi' is not defined         no-undef
  165:29  warning  'nbi' is not defined         no-undef
  169:32  warning  'nbi' is not defined         no-undef
  173:11  warning  'nbi' is not defined         no-undef
  182:11  warning  'nbi' is not defined         no-undef
  189:11  warning  'nbi' is not defined         no-undef
  237:11  warning  'BigInteger' is not defined  no-undef
  285:29  warning  'nbi' is not defined         no-undef
  288:34  warning  'nbi' is not defined         no-undef
  291:34  warning  'nbi' is not defined         no-undef
  294:32  warning  'nbi' is not defined         no-undef
  297:35  warning  'nbi' is not defined         no-undef
  301:11  warning  'nbi' is not defined         no-undef
  301:22  warning  'nbi' is not defined         no-undef
  368:13  warning  'nbi' is not defined         no-undef
  369:13  warning  'nbi' is not defined         no-undef
  370:3   warning  'BigInteger' is not defined  no-undef
  378:18  warning  'nbi' is not defined         no-undef
  408:33  warning  'nbv' is not defined         no-undef
  416:13  warning  'Classic' is not defined     no-undef
  420:13  warning  'Montgomery' is not defined  no-undef
  426:14  warning  'nbi' is not defined         no-undef
  429:14  warning  'nbi' is not defined         no-undef
  435:38  warning  'nbi' is not defined         no-undef
  436:7   warning  'nbits' is not defined       no-undef
  506:55  warning  'BigInteger' is not defined  no-undef
  508:11  warning  'nbv' is not defined         no-undef
  508:23  warning  'nbv' is not defined         no-undef
  508:35  warning  'nbv' is not defined         no-undef
  508:47  warning  'nbv' is not defined         no-undef
  539:18  warning  'BigInteger' is not defined  no-undef
  539:47  warning  'BigInteger' is not defined  no-undef
  569:26  warning  'BigInteger' is not defined  no-undef
  575:11  warning  'nbi' is not defined         no-undef
  579:20  warning  'BigInteger' is not defined  no-undef
  583:24  warning  'BigInteger' is not defined  no-undef
  592:1   warning  'BigInteger' is not defined  no-undef
  593:1   warning  'BigInteger' is not defined  no-undef
  594:1   warning  'BigInteger' is not defined  no-undef
  595:1   warning  'BigInteger' is not defined  no-undef
  596:1   warning  'BigInteger' is not defined  no-undef
  597:1   warning  'BigInteger' is not defined  no-undef
  598:1   warning  'BigInteger' is not defined  no-undef
  599:1   warning  'BigInteger' is not defined  no-undef
  600:1   warning  'BigInteger' is not defined  no-undef
  601:1   warning  'BigInteger' is not defined  no-undef
  602:1   warning  'BigInteger' is not defined  no-undef
  603:1   warning  'BigInteger' is not defined  no-undef
  604:1   warning  'BigInteger' is not defined  no-undef
  607:1   warning  'BigInteger' is not defined  no-undef
  608:1   warning  'BigInteger' is not defined  no-undef
  609:1   warning  'BigInteger' is not defined  no-undef
  610:1   warning  'BigInteger' is not defined  no-undef
  611:1   warning  'BigInteger' is not defined  no-undef
  612:1   warning  'BigInteger' is not defined  no-undef
  613:1   warning  'BigInteger' is not defined  no-undef
  614:1   warning  'BigInteger' is not defined  no-undef
  615:1   warning  'BigInteger' is not defined  no-undef
  616:1   warning  'BigInteger' is not defined  no-undef
  617:1   warning  'BigInteger' is not defined  no-undef
  618:1   warning  'BigInteger' is not defined  no-undef
  619:1   warning  'BigInteger' is not defined  no-undef
  620:1   warning  'BigInteger' is not defined  no-undef
  621:1   warning  'BigInteger' is not defined  no-undef
  622:1   warning  'BigInteger' is not defined  no-undef
  623:1   warning  'BigInteger' is not defined  no-undef
  624:1   warning  'BigInteger' is not defined  no-undef
  625:1   warning  'BigInteger' is not defined  no-undef
  626:1   warning  'BigInteger' is not defined  no-undef
  627:1   warning  'BigInteger' is not defined  no-undef
  628:1   warning  'BigInteger' is not defined  no-undef
  629:1   warning  'BigInteger' is not defined  no-undef
  630:1   warning  'BigInteger' is not defined  no-undef
  631:1   warning  'BigInteger' is not defined  no-undef
  632:1   warning  'BigInteger' is not defined  no-undef
  633:1   warning  'BigInteger' is not defined  no-undef
  634:1   warning  'BigInteger' is not defined  no-undef
  635:1   warning  'BigInteger' is not defined  no-undef
  636:1   warning  'BigInteger' is not defined  no-undef
  637:1   warning  'BigInteger' is not defined  no-undef
  638:1   warning  'BigInteger' is not defined  no-undef
  639:1   warning  'BigInteger' is not defined  no-undef

/home/runner/work/exp-digital-signatures-iiith/exp-digital-signatures-iiith/experiment/simulation/js/mobile-detection.js
  517:7   warning  'mobileDetection' is assigned a value but never used  no-unused-vars
  520:38  warning  'module' is not defined                               no-undef
  521:3   warning  'module' is not defined                               no-undef

/home/runner/work/exp-digital-signatures-iiith/exp-digital-signatures-iiith/experiment/simulation/js/prng4.js
  39:10  warning  'prng_newstate' is defined but never used       no-unused-vars
  45:5   warning  'rng_psize' is assigned a value but never used  no-unused-vars

/home/runner/work/exp-digital-signatures-iiith/exp-digital-signatures-iiith/experiment/simulation/js/rng.js
  17:18  warning  'rng_psize' is not defined      no-undef
  17:41  warning  'rng_psize' is not defined      no-undef
  36:20  warning  'rng_psize' is not defined      no-undef
  50:17  warning  'prng_newstate' is not defined  no-undef

/home/runner/work/exp-digital-signatures-iiith/exp-digital-signatures-iiith/experiment/simulation/js/rsa-dss.js
   1:10  warning  'set_512e3' is defined but never used   no-unused-vars
   6:10  warning  'set_512f4' is defined but never used   no-unused-vars
  11:10  warning  'set_1024e3' is defined but never used  no-unused-vars
  16:10  warning  'set_1024f4' is defined but never used  no-unused-vars
  29:10  warning  'do_encrypt' is defined but never used  no-unused-vars
  73:19  warning  'RSAKey' is not defined                 no-undef
  81:43  warning  'linebrk' is not defined                no-undef
  82:42  warning  'linebrk' is not defined                no-undef
  82:50  warning  'hex2b64' is not defined                no-undef

/home/runner/work/exp-digital-signatures-iiith/exp-digital-signatures-iiith/experiment/simulation/js/rsa.js
   7:14  warning  'BigInteger' is not defined           no-undef
  10:10  warning  'linebrk' is defined but never used   no-unused-vars
  20:10  warning  'byte2Hex' is defined but never used  no-unused-vars
  49:17  warning  'SecureRandom' is not defined         no-undef
  59:14  warning  'BigInteger' is not defined           no-undef

/home/runner/work/exp-digital-signatures-iiith/exp-digital-signatures-iiith/experiment/simulation/js/rsa2.js
   36:14  warning  'parseBigInt' is not defined   no-undef
   38:14  warning  'parseBigInt' is not defined   no-undef
   47:14  warning  'parseBigInt' is not defined   no-undef
   49:14  warning  'parseBigInt' is not defined   no-undef
   50:14  warning  'parseBigInt' is not defined   no-undef
   51:14  warning  'parseBigInt' is not defined   no-undef
   52:17  warning  'parseBigInt' is not defined   no-undef
   53:17  warning  'parseBigInt' is not defined   no-undef
   54:18  warning  'parseBigInt' is not defined   no-undef
   62:17  warning  'SecureRandom' is not defined  no-undef
   65:16  warning  'BigInteger' is not defined    no-undef
   68:20  warning  'BigInteger' is not defined    no-undef
   69:26  warning  'BigInteger' is not defined    no-undef
   69:60  warning  'BigInteger' is not defined    no-undef
   72:20  warning  'BigInteger' is not defined    no-undef
   73:26  warning  'BigInteger' is not defined    no-undef
   73:60  warning  'BigInteger' is not defined    no-undef
   80:30  warning  'BigInteger' is not defined    no-undef
   81:30  warning  'BigInteger' is not defined    no-undef
   83:30  warning  'BigInteger' is not defined    no-undef
  111:11  warning  'parseBigInt' is not defined   no-undef
  125:1   warning  'RSAKey' is not defined        no-undef
  128:1   warning  'RSAKey' is not defined        no-undef
  129:1   warning  'RSAKey' is not defined        no-undef
  130:1   warning  'RSAKey' is not defined        no-undef
  131:1   warning  'RSAKey' is not defined        no-undef

/home/runner/work/exp-digital-signatures-iiith/exp-digital-signatures-iiith/experiment/simulation/js/sha1.js
   22:10  warning  'b64_sha1' is defined but never used          no-unused-vars
   23:10  warning  'any_sha1' is defined but never used          no-unused-vars
   24:10  warning  'hex_hmac_sha1' is defined but never used     no-unused-vars
   26:10  warning  'b64_hmac_sha1' is defined but never used     no-unused-vars
   28:10  warning  'any_hmac_sha1' is defined but never used     no-unused-vars
   34:10  warning  'sha1_vm_test' is defined but never used      no-unused-vars
  202:10  warning  'str2rstr_utf16le' is defined but never used  no-unused-vars
  211:10  warning  'str2rstr_utf16be' is defined but never used  no-unused-vars
  229:11  warning  'i' is already defined                        no-redeclare

✖ 169 problems (0 errors, 169 warnings)

